#
# There is insufficient memory for the Java Runtime Environment to continue.
# Native memory allocation (mmap) failed to map 536870912 bytes for G1 virtual space
# Possible reasons:
#   The system is out of physical RAM or swap space
#   The process is running with CompressedOops enabled, and the Java Heap may be blocking the growth of the native heap
# Possible solutions:
#   Reduce memory load on the system
#   Increase physical memory or swap space
#   Check if swap backing store is full
#   Decrease Java heap size (-Xmx/-Xms)
#   Decrease number of Java threads
#   Decrease Java thread stack sizes (-Xss)
#   Set larger code cache with -XX:ReservedCodeCacheSize=
#   JVM is running with Zero Based Compressed Oops mode in which the Java heap is
#     placed in the first 32GB address space. The Java Heap base address is the
#     maximum limit for the native heap growth. Please use -XX:HeapBaseMinAddress
#     to set the Java Heap base and to place the Java Heap above 32GB virtual address.
# This output file may be truncated or incomplete.
#
#  Out of Memory Error (os_windows.cpp:3535), pid=18560, tid=8252
#
# JRE version:  (17.0.4+11) (build )
# Java VM: Java HotSpot(TM) 64-Bit Server VM (17.0.4+11-LTS-179, mixed mode, sharing, tiered, compressed oops, compressed class ptrs, g1 gc, windows-amd64)
# No core dump will be written. Minidumps are not enabled by default on client versions of Windows
#

---------------  S U M M A R Y ------------

Command Line: za.co.nemesisnet.supreme.invention.ClientPackages.view.GuiClientApp

Host: AMD Ryzen 7 1800X Eight-Core Processor         , 16 cores, 31G,  Windows 10 , 64 bit Build 19041 (10.0.19041.1889)
Time: Wed Oct 19 15:58:25 2022 South Africa Standard Time elapsed time: 0.010367 seconds (0d 0h 0m 0s)

---------------  T H R E A D  ---------------

Current thread (0x00000176332508f0):  JavaThread "Unknown thread" [_thread_in_vm, id=8252, stack(0x0000006438700000,0x0000006438800000)]

Stack: [0x0000006438700000,0x0000006438800000]
Native frames: (J=compiled Java code, j=interpreted, Vv=VM code, C=native code)
V  [jvm.dll+0x6723da]
V  [jvm.dll+0x7d1f74]
V  [jvm.dll+0x7d371e]
V  [jvm.dll+0x7d3d83]
V  [jvm.dll+0x242ed5]
V  [jvm.dll+0x66f2f9]
V  [jvm.dll+0x663c42]
V  [jvm.dll+0x30103b]
V  [jvm.dll+0x3085d6]
V  [jvm.dll+0x35844e]
V  [jvm.dll+0x35867f]
V  [jvm.dll+0x2d8258]
V  [jvm.dll+0x2d91c4]
V  [jvm.dll+0x7a3a51]
V  [jvm.dll+0x3662a1]
V  [jvm.dll+0x782dcc]
V  [jvm.dll+0x3e8bff]
V  [jvm.dll+0x3ea6a1]
C  [jli.dll+0x527b]
C  [ucrtbase.dll+0x21bb2]
C  [KERNEL32.DLL+0x17034]
C  [ntdll.dll+0x526a1]


---------------  P R O C E S S  ---------------

Threads class SMR info:
_java_thread_list=0x00007ff81db2a858, length=0, elements={
}

Java Threads: ( => current thread )

Other Threads:
  0x00000176332fd700 GCTaskThread "GC Thread#0" [stack: 0x0000006438800000,0x0000006438900000] [id=10608]
  0x000001763330e5c0 ConcurrentGCThread "G1 Main Marker" [stack: 0x0000006438900000,0x0000006438a00000] [id=3020]
  0x000001763330f770 ConcurrentGCThread "G1 Conc#0" [stack: 0x0000006438a00000,0x0000006438b00000] [id=11000]

[error occurred during error reporting (printing all threads), id 0xc0000005, EXCEPTION_ACCESS_VIOLATION (0xc0000005) at pc=0x00007ff81d378c47]

VM state: not at safepoint (not fully initialized)

VM Mutex/Monitor currently owned by a thread:  ([mutex/lock_event])
[0x000001763324c150] Heap_lock - owner thread: 0x00000176332508f0

Heap address: 0x0000000601000000, size: 8176 MB, Compressed Oops mode: Zero based, Oop shift amount: 3

CDS archive(s) mapped at: [0x0000000000000000-0x0000000000000000-0x0000000000000000), size 0, SharedBaseAddress: 0x0000000800000000, ArchiveRelocationMode: 0.
Narrow klass base: 0x0000000000000000, Narrow klass shift: 0, Narrow klass range: 0x0

GC Precious Log:
<Empty>

Heap:
 garbage-first heap   total 0K, used 0K [0x0000000601000000, 0x0000000800000000)
  region size 4096K, 0 young (0K), 0 survivors (0K)

[error occurred during error reporting (printing heap information), id 0xc0000005, EXCEPTION_ACCESS_VIOLATION (0xc0000005) at pc=0x00007ff81d75b889]

GC Heap History (0 events):
No events

Deoptimization events (0 events):
No events

Classes unloaded (0 events):
No events

Classes redefined (0 events):
No events

Internal exceptions (0 events):
No events

VM Operations (0 events):
No events

Events (1 events):
Event: 0.006 Loaded shared library C:\Program Files\Java\jdk-17.0.4\bin\java.dll


Dynamic libraries:
0x00007ff719070000 - 0x00007ff719080000 	C:\Program Files\Java\jdk-17.0.4\bin\java.exe
0x00007ff896150000 - 0x00007ff896348000 	C:\WINDOWS\SYSTEM32\ntdll.dll
0x00007ff894230000 - 0x00007ff8942ed000 	C:\WINDOWS\System32\KERNEL32.DLL
0x00007ff893bb0000 - 0x00007ff893e82000 	C:\WINDOWS\System32\KERNELBASE.dll
0x00007ff893fb0000 - 0x00007ff8940b0000 	C:\WINDOWS\System32\ucrtbase.dll
0x00007ff86ce50000 - 0x00007ff86ce68000 	C:\Program Files\Java\jdk-17.0.4\bin\jli.dll
0x00007ff88eab0000 - 0x00007ff88eaca000 	C:\Program Files\Java\jdk-17.0.4\bin\VCRUNTIME140.dll
0x00007ff894300000 - 0x00007ff8943ae000 	C:\WINDOWS\System32\ADVAPI32.dll
0x00007ff894d30000 - 0x00007ff894dce000 	C:\WINDOWS\System32\msvcrt.dll
0x00007ff895040000 - 0x00007ff8950dc000 	C:\WINDOWS\System32\sechost.dll
0x00007ff894dd0000 - 0x00007ff894ef5000 	C:\WINDOWS\System32\RPCRT4.dll
0x00007ff8958e0000 - 0x00007ff895a7d000 	C:\WINDOWS\System32\USER32.dll
0x00007ff894180000 - 0x00007ff8941a2000 	C:\WINDOWS\System32\win32u.dll
0x00007ff885fc0000 - 0x00007ff88625a000 	C:\WINDOWS\WinSxS\amd64_microsoft.windows.common-controls_6595b64144ccf1df_6.0.19041.1110_none_60b5254171f9507e\COMCTL32.dll
0x00007ff895ff0000 - 0x00007ff89601b000 	C:\WINDOWS\System32\GDI32.dll
0x00007ff8938b0000 - 0x00007ff8939bf000 	C:\WINDOWS\System32\gdi32full.dll
0x00007ff8940b0000 - 0x00007ff89414d000 	C:\WINDOWS\System32\msvcp_win.dll
0x00007ff88c190000 - 0x00007ff88c19a000 	C:\WINDOWS\SYSTEM32\VERSION.dll
0x00007ff894c50000 - 0x00007ff894c80000 	C:\WINDOWS\System32\IMM32.DLL
0x00007ff88f4f0000 - 0x00007ff88f4fc000 	C:\Program Files\Java\jdk-17.0.4\bin\vcruntime140_1.dll
0x00007ff86a100000 - 0x00007ff86a18d000 	C:\Program Files\Java\jdk-17.0.4\bin\msvcp140.dll
0x00007ff81d090000 - 0x00007ff81dc52000 	C:\Program Files\Java\jdk-17.0.4\bin\server\jvm.dll
0x00007ff8942f0000 - 0x00007ff8942f8000 	C:\WINDOWS\System32\PSAPI.DLL
0x00007ff8780d0000 - 0x00007ff8780d9000 	C:\WINDOWS\SYSTEM32\WSOCK32.dll
0x00007ff888800000 - 0x00007ff888827000 	C:\WINDOWS\SYSTEM32\WINMM.dll
0x00007ff894f70000 - 0x00007ff894fdb000 	C:\WINDOWS\System32\WS2_32.dll
0x00007ff891700000 - 0x00007ff891712000 	C:\WINDOWS\SYSTEM32\kernel.appcore.dll
0x00007ff88eaa0000 - 0x00007ff88eaaa000 	C:\Program Files\Java\jdk-17.0.4\bin\jimage.dll
0x00007ff886b50000 - 0x00007ff886d34000 	C:\WINDOWS\SYSTEM32\DBGHELP.DLL
0x00007ff87f1e0000 - 0x00007ff87f20c000 	C:\WINDOWS\SYSTEM32\dbgcore.DLL
0x00007ff893b20000 - 0x00007ff893ba2000 	C:\WINDOWS\System32\bcryptPrimitives.dll
0x00007ff88ea10000 - 0x00007ff88ea35000 	C:\Program Files\Java\jdk-17.0.4\bin\java.dll

dbghelp: loaded successfully - version: 4.0.5 - missing functions: none
symbol engine: initialized successfully - sym options: 0x614 - pdb path: .;C:\Program Files\Java\jdk-17.0.4\bin;C:\WINDOWS\SYSTEM32;C:\WINDOWS\WinSxS\amd64_microsoft.windows.common-controls_6595b64144ccf1df_6.0.19041.1110_none_60b5254171f9507e;C:\Program Files\Java\jdk-17.0.4\bin\server

VM Arguments:
java_command: za.co.nemesisnet.supreme.invention.ClientPackages.view.GuiClientApp
java_class_path (initial): C:\Users\Admin\Documents\NetBeansProjects\supreme-invention-Client\target\classes
Launcher Type: SUN_STANDARD

[Global flags]
     intx CICompilerCount                          = 12                                        {product} {ergonomic}
     uint ConcGCThreads                            = 3                                         {product} {ergonomic}
     uint G1ConcRefinementThreads                  = 13                                        {product} {ergonomic}
   size_t G1HeapRegionSize                         = 4194304                                   {product} {ergonomic}
    uintx GCDrainStackTargetSize                   = 64                                        {product} {ergonomic}
   size_t InitialHeapSize                          = 536870912                                 {product} {ergonomic}
   size_t MarkStackSize                            = 4194304                                   {product} {ergonomic}
   size_t MaxHeapSize                              = 8573157376                                {product} {ergonomic}
   size_t MinHeapDeltaBytes                        = 4194304                                   {product} {ergonomic}
   size_t MinHeapSize                              = 8388608                                   {product} {ergonomic}
    uintx NonNMethodCodeHeapSize                   = 7602480                                {pd product} {ergonomic}
    uintx NonProfiledCodeHeapSize                  = 122027880                              {pd product} {ergonomic}
    uintx ProfiledCodeHeapSize                     = 122027880                              {pd product} {ergonomic}
    uintx ReservedCodeCacheSize                    = 251658240                              {pd product} {ergonomic}
     bool SegmentedCodeCache                       = true                                      {product} {ergonomic}
   size_t SoftMaxHeapSize                          = 8573157376                             {manageable} {ergonomic}
     bool UseCompressedClassPointers               = true                           {product lp64_product} {ergonomic}
     bool UseCompressedOops                        = true                           {product lp64_product} {ergonomic}
     bool UseG1GC                                  = true                                      {product} {ergonomic}
     bool UseLargePagesIndividualAllocation        = false                                  {pd product} {ergonomic}

Logging:
Log output configuration:
 #0: stdout all=warning uptime,level,tags
 #1: stderr all=off uptime,level,tags

Environment Variables:
JAVA_HOME=C:\Program Files\Java\jdk-17.0.4
PATH=C:\Program Files\Common Files\Oracle\Java\javapath;C:\Program Files\OpenJDK\jdk-11.0.15.10-hotspot\bin;C:\Program Files\OpenJDK\jdk-8.0.332.09-hotspot\bin;C:\Program Files\NVIDIA GPU Computing Toolkit\CUDA\v10.1\bin;C:\Program Files\NVIDIA GPU Computing Toolkit\CUDA\v10.1\libnvvp;C:\Python310\Scripts\;C:\Python310\;C:\Python39\Scripts\;C:\Python39\;C:\Windows\system32;C:\Windows;C:\Windows\System32\Wbem;C:\Windows\System32\WindowsPowerShell\v1.0\;C:\Windows\System32\OpenSSH\;C:\WINDOWS\system32;C:\WINDOWS;C:\WINDOWS\System32\Wbem;C:\WINDOWS\System32\WindowsPowerShell\v1.0\;C:\WINDOWS\System32\OpenSSH\;C:\ProgramData\chocolatey\bin;C:\Program Files\nodejs;C:\Program Files\nodejs\node.exe;C:\Program Files\nodejs\bin;C:\Program Files\NVIDIA Corporation\NVIDIA NvDLISR;C:\Program Files (x86)\NVIDIA Corporation\PhysX\Common;C:\Program Files\dotnet\;C:\Program Files (x86)\dotnet\;C:\Program Files\adb-fastboot\platform-tools;C:\Program Files\nodejs\;C:\Program Files\Git\cmd;C:\Program Files\NVIDIA Corporation\Nsight ;C:\Program Files\platform-tools;C:\Users\Admin\AppData\Local\Microsoft\WindowsApps;C:\Users\Admin\AppData\Local\Programs\Microsoft VS Code\bin;C:\Users\Admin\AppData\Roaming\npm;C:\Users\Admin\anaconda3\Scripts\;
USERNAME=Admin
OS=Windows_NT
PROCESSOR_IDENTIFIER=AMD64 Family 23 Model 1 Stepping 1, AuthenticAMD



---------------  S Y S T E M  ---------------

OS:
 Windows 10 , 64 bit Build 19041 (10.0.19041.1889)
OS uptime: 0 days 0:23 hours
Hyper-V role detected

CPU: total 16 (initial active 16) (16 cores per cpu, 2 threads per core) family 23 model 1 stepping 1 microcode 0x0, cx8, cmov, fxsr, ht, mmx, 3dnowpref, sse, sse2, sse3, ssse3, sse4a, sse4.1, sse4.2, popcnt, lzcnt, tsc, tscinvbit, avx, avx2, aes, clmul, bmi1, bmi2, adx, sha, fma, vzeroupper, clflush, clflushopt, hv

Memory: 4k page, system-wide physical 32699M (519M free)
TotalPageFile size 42588M (AvailPageFile size 244M)
current process WorkingSet (physical memory assigned to process): 10M, peak: 10M
current process commit charge ("private bytes"): 70M, peak: 582M

vm_info: Java HotSpot(TM) 64-Bit Server VM (17.0.4+11-LTS-179) for windows-amd64 JRE (17.0.4+11-LTS-179), built on Jun 28 2022 08:23:05 by "mach5one" with MS VC++ 16.8 / 16.9 (VS2019)

END.
